c:\users\lg\source\repos\dialog\dialog\debug\vc141.pdb
c:\users\lg\source\repos\dialog\dialog\debug\vc141.idb
c:\users\lg\source\repos\dialog\dialog\debug\소스.obj
c:\users\lg\source\repos\dialog\dialog\debug\소스1.obj
c:\users\lg\source\repos\dialog\dialog\debug\dialog.obj
c:\users\lg\source\repos\dialog\dialog\debug\dialog.res
c:\users\lg\source\repos\dialog\debug\dialog.pdb
c:\users\lg\source\repos\dialog\dialog\debug\dialog.tlog\cl.command.1.tlog
c:\users\lg\source\repos\dialog\dialog\debug\dialog.tlog\cl.read.1.tlog
c:\users\lg\source\repos\dialog\dialog\debug\dialog.tlog\cl.write.1.tlog
c:\users\lg\source\repos\dialog\dialog\debug\dialog.tlog\link-cvtres.read.1.tlog
c:\users\lg\source\repos\dialog\dialog\debug\dialog.tlog\link-cvtres.write.1.tlog
c:\users\lg\source\repos\dialog\dialog\debug\dialog.tlog\link-rc.read.1.tlog
c:\users\lg\source\repos\dialog\dialog\debug\dialog.tlog\link-rc.write.1.tlog
c:\users\lg\source\repos\dialog\dialog\debug\dialog.tlog\link.command.1.tlog
c:\users\lg\source\repos\dialog\dialog\debug\dialog.tlog\link.read.1.tlog
c:\users\lg\source\repos\dialog\dialog\debug\dialog.tlog\link.write.1.tlog
c:\users\lg\source\repos\dialog\dialog\debug\dialog.tlog\rc.command.1.tlog
c:\users\lg\source\repos\dialog\dialog\debug\dialog.tlog\rc.read.1.tlog
c:\users\lg\source\repos\dialog\dialog\debug\dialog.tlog\rc.write.1.tlog
